<?xml version="1.0" encoding="UTF-8"?>
<!-- Generated by org.testng.reporters.JUnitReportReporter -->
<testsuite hostname="VASANTHA" name="test.SampleTest.NewTest" tests="2" failures="0" timestamp="3 Jul 2011 16:06:08 GMT" time="0.000" errors="0">
  <testcase name="aSlowTest" time="0.000" classname="test.SampleTest.NewTest"/>
  <testcase name="aFastTest" time="0.000" classname="test.SampleTest.NewTest"/>
</testsuite>
